# JRE version: OpenJDK Runtime Environment Temurin-11.0.12+7 (11.0.12+7) (build 11.0.12+7)
# Java VM: OpenJDK 64-Bit Server VM Temurin-11.0.12+7 (11.0.12+7, mixed mode, tiered, compressed oops, g1 gc, windows-amd64)
Heap:
 garbage-first heap   total 216064K, used 164639K [0x00000000e0000000, 0x0000000100000000)
  region size 1024K, 8 young (8192K), 2 survivors (2048K)
 Metaspace       used 30717K, capacity 31216K, committed 31360K, reserved 1077248K
  class space    used 3226K, capacity 3444K, committed 3456K, reserved 1048576K
GC Heap History (20 events):
Event: 490.092 GC heap before
{Heap before GC invocations=44 (full 0):
 garbage-first heap   total 216064K, used 185859K [0x00000000e0000000, 0x0000000100000000)
  region size 1024K, 28 young (28672K), 2 survivors (2048K)
 Metaspace       used 30604K, capacity 31152K, committed 31360K, reserved 1077248K
  class space    used 3217K, capacity 3444K, committed 3456K, reserved 1048576K
}
Event: 490.093 GC heap after
{Heap after GC invocations=45 (full 0):
 garbage-first heap   total 216064K, used 159190K [0x00000000e0000000, 0x0000000100000000)
  region size 1024K, 2 young (2048K), 2 survivors (2048K)
 Metaspace       used 30604K, capacity 31152K, committed 31360K, reserved 1077248K
  class space    used 3217K, capacity 3444K, committed 3456K, reserved 1048576K
}
Event: 490.118 GC heap before
{Heap before GC invocations=45 (full 0):
 garbage-first heap   total 216064K, used 186838K [0x00000000e0000000, 0x0000000100000000)
  region size 1024K, 29 young (29696K), 2 survivors (2048K)
 Metaspace       used 30604K, capacity 31152K, committed 31360K, reserved 1077248K
  class space    used 3217K, capacity 3444K, committed 3456K, reserved 1048576K
}
Event: 490.120 GC heap after
{Heap after GC invocations=46 (full 0):
 garbage-first heap   total 216064K, used 159191K [0x00000000e0000000, 0x0000000100000000)
  region size 1024K, 2 young (2048K), 2 survivors (2048K)
 Metaspace       used 30604K, capacity 31152K, committed 31360K, reserved 1077248K
  class space    used 3217K, capacity 3444K, committed 3456K, reserved 1048576K
}
Event: 490.155 GC heap before
{Heap before GC invocations=46 (full 0):
 garbage-first heap   total 216064K, used 186839K [0x00000000e0000000, 0x0000000100000000)
  region size 1024K, 29 young (29696K), 2 survivors (2048K)
 Metaspace       used 30607K, capacity 31152K, committed 31360K, reserved 1077248K
  class space    used 3217K, capacity 3444K, committed 3456K, reserved 1048576K
}
Event: 490.156 GC heap after
{Heap after GC invocations=47 (full 0):
 garbage-first heap   total 216064K, used 159184K [0x00000000e0000000, 0x0000000100000000)
  region size 1024K, 2 young (2048K), 2 survivors (2048K)
 Metaspace       used 30607K, capacity 31152K, committed 31360K, reserved 1077248K
  class space    used 3217K, capacity 3444K, committed 3456K, reserved 1048576K
}
Event: 490.185 GC heap before
{Heap before GC invocations=47 (full 0):
 garbage-first heap   total 216064K, used 187856K [0x00000000e0000000, 0x0000000100000000)
  region size 1024K, 30 young (30720K), 2 survivors (2048K)
 Metaspace       used 30607K, capacity 31152K, committed 31360K, reserved 1077248K
  class space    used 3217K, capacity 3444K, committed 3456K, reserved 1048576K
}
Event: 490.186 GC heap after
{Heap after GC invocations=48 (full 0):
 garbage-first heap   total 216064K, used 159188K [0x00000000e0000000, 0x0000000100000000)
  region size 1024K, 2 young (2048K), 2 survivors (2048K)
 Metaspace       used 30607K, capacity 31152K, committed 31360K, reserved 1077248K
  class space    used 3217K, capacity 3444K, committed 3456K, reserved 1048576K
}
Event: 490.214 GC heap before
{Heap before GC invocations=48 (full 0):
 garbage-first heap   total 216064K, used 187860K [0x00000000e0000000, 0x0000000100000000)
  region size 1024K, 30 young (30720K), 2 survivors (2048K)
 Metaspace       used 30607K, capacity 31152K, committed 31360K, reserved 1077248K
  class space    used 3217K, capacity 3444K, committed 3456K, reserved 1048576K
}
Event: 490.215 GC heap after
{Heap after GC invocations=49 (full 0):
 garbage-first heap   total 216064K, used 159208K [0x00000000e0000000, 0x0000000100000000)
  region size 1024K, 2 young (2048K), 2 survivors (2048K)
 Metaspace       used 30607K, capacity 31152K, committed 31360K, reserved 1077248K
  class space    used 3217K, capacity 3444K, committed 3456K, reserved 1048576K
}
Event: 490.242 GC heap before
{Heap before GC invocations=49 (full 0):
 garbage-first heap   total 216064K, used 188904K [0x00000000e0000000, 0x0000000100000000)
  region size 1024K, 31 young (31744K), 2 survivors (2048K)
 Metaspace       used 30607K, capacity 31152K, committed 31360K, reserved 1077248K
  class space    used 3217K, capacity 3444K, committed 3456K, reserved 1048576K
}
Event: 490.243 GC heap after
{Heap after GC invocations=50 (full 0):
 garbage-first heap   total 216064K, used 159194K [0x00000000e0000000, 0x0000000100000000)
  region size 1024K, 2 young (2048K), 2 survivors (2048K)
 Metaspace       used 30607K, capacity 31152K, committed 31360K, reserved 1077248K
  class space    used 3217K, capacity 3444K, committed 3456K, reserved 1048576K
}
Event: 490.269 GC heap before
{Heap before GC invocations=50 (full 0):
 garbage-first heap   total 216064K, used 188890K [0x00000000e0000000, 0x0000000100000000)
  region size 1024K, 31 young (31744K), 2 survivors (2048K)
 Metaspace       used 30607K, capacity 31152K, committed 31360K, reserved 1077248K
  class space    used 3217K, capacity 3444K, committed 3456K, reserved 1048576K
}
Event: 490.270 GC heap after
{Heap after GC invocations=51 (full 0):
 garbage-first heap   total 216064K, used 159202K [0x00000000e0000000, 0x0000000100000000)
  region size 1024K, 2 young (2048K), 2 survivors (2048K)
 Metaspace       used 30607K, capacity 31152K, committed 31360K, reserved 1077248K
  class space    used 3217K, capacity 3444K, committed 3456K, reserved 1048576K
}
Event: 490.298 GC heap before
{Heap before GC invocations=51 (full 0):
 garbage-first heap   total 216064K, used 188898K [0x00000000e0000000, 0x0000000100000000)
  region size 1024K, 31 young (31744K), 2 survivors (2048K)
 Metaspace       used 30607K, capacity 31152K, committed 31360K, reserved 1077248K
  class space    used 3217K, capacity 3444K, committed 3456K, reserved 1048576K
}
Event: 490.299 GC heap after
{Heap after GC invocations=52 (full 0):
 garbage-first heap   total 216064K, used 159193K [0x00000000e0000000, 0x0000000100000000)
  region size 1024K, 2 young (2048K), 2 survivors (2048K)
 Metaspace       used 30607K, capacity 31152K, committed 31360K, reserved 1077248K
  class space    used 3217K, capacity 3444K, committed 3456K, reserved 1048576K
}
Event: 490.327 GC heap before
{Heap before GC invocations=52 (full 0):
 garbage-first heap   total 216064K, used 189913K [0x00000000e0000000, 0x0000000100000000)
  region size 1024K, 32 young (32768K), 2 survivors (2048K)
 Metaspace       used 30609K, capacity 31152K, committed 31360K, reserved 1077248K
  class space    used 3217K, capacity 3444K, committed 3456K, reserved 1048576K
}
Event: 490.328 GC heap after
{Heap after GC invocations=53 (full 0):
 garbage-first heap   total 216064K, used 159202K [0x00000000e0000000, 0x0000000100000000)
  region size 1024K, 2 young (2048K), 2 survivors (2048K)
 Metaspace       used 30609K, capacity 31152K, committed 31360K, reserved 1077248K
  class space    used 3217K, capacity 3444K, committed 3456K, reserved 1048576K
}
Event: 490.356 GC heap before
{Heap before GC invocations=53 (full 0):
 garbage-first heap   total 216064K, used 189922K [0x00000000e0000000, 0x0000000100000000)
  region size 1024K, 32 young (32768K), 2 survivors (2048K)
 Metaspace       used 30609K, capacity 31152K, committed 31360K, reserved 1077248K
  class space    used 3217K, capacity 3444K, committed 3456K, reserved 1048576K
}
Event: 490.357 GC heap after
{Heap after GC invocations=54 (full 0):
 garbage-first heap   total 216064K, used 159235K [0x00000000e0000000, 0x0000000100000000)
  region size 1024K, 2 young (2048K), 2 survivors (2048K)
 Metaspace       used 30609K, capacity 31152K, committed 31360K, reserved 1077248K
  class space    used 3217K, capacity 3444K, committed 3456K, reserved 1048576K
}

